https://actblue.com/
https://actblue.com/features
http://blog.actblue.com
https://support.actblue.com
https://actblue.com/pending_entities/new
https://actblue.com/signin
https://secure.actblue.com/pending_entities/new
https://actblue.com/express
https://actblue.com/features
https://secure.actblue.com/pending_entities/new
https://secure.actblue.com/pending_entities/new
https://actblue.com/
https://www.facebook.com/ActBlue
https://twitter.com/actblue
https://actblue.com/about
https://actblue.com/contact
https://actblue.com/jobs
http://blog.actblue.com
https://actblue.com/abcharities
https://actblue.com/express
https://actblue.com/pricing
https://actblue.com/directory
https://support.actblue.com/campaigns-and-organizations
https://support.actblue.com/donors-and-supporters
https://support.actblue.com/donors/contributions/how-do-i-change-or-cancel-my-recurring-contribution
https://support.actblue.com
https://secure.actblue.com
https://actblue.com/privacy
https://actblue.com/content/fineprint
https://actblue.com/assets/packs/js/Bugsnag-76c96e5646f96c2b4491.chunk.js
https://actblue.com/assets/packs/js/Datadog-7950ce50bb06c4f7e8f0.chunk.js
https://actblue.com/assets/packs/js/application-062c5597d974226bfce3.chunk.js
https://actblue.com/assets/packs/js/vendor_stable-e596f8c33d29c2199ea8.js
https://actblue.com/assets/packs/js/vendor-0315ebdc418298aa42dd.chunk.js
https://actblue.com/assets/public-629fde6128cc8f5e927313bb49de566e27183c946652992ad32f752c170c57c8.js
https://actblue.com/assets/packs/js/marketing-78e6600fc615f86ae92c.chunk.js
https://actblue.com/assets/packs/js/InitializeDownArrows-758faf0948f3c43e03c5.chunk.js
https://actblue.com/assets/packs/js/NavbarContainer-13340dddaff178704b4e.chunk.js
https://actblue.com/assets/packs/js/DirectorySearchBox-f6eb93975e45c7a1419a.chunk.js
https://actblue.com/assets/bignumber-c10b5a1ac5f82fc7760e9e6c4ef1268994ef1d6971880d08b04c4de5338bc6a4.js
https://actblue.com/assets/packs/js/jquery_migrate_production-4a242c1c82f4016255e4.chunk.js
https://fonts.googleapis.com/css?family=Montserrat:600,700
https://maxcdn.bootstrapcdn.com/font-awesome/4.2.0/css/font-awesome.min.css
https://secure.actblue.com/
https://actblue.com/assets/favicons/actblue/apple-touch-icon-27395996986973a944f5049c79570c7fc9df33567574aca517ef33e922eca864.png
https://actblue.com/assets/favicons/actblue/favicon-62429192865190e46d50844541a5662f8db660cae4e1d6cd607ba04e09ac3c02.ico
https://actblue.com/assets/public-2209ff2476277ea3e147a497555847192af8175c48ccd3e13375bb8b9c4bfa40.css
https://actblue.com/assets/marketing-02a38f1104462110d5453f8340aece83bc8c999f2c883ad13c775169493b4afa.css
https://actblue.com/assets/packs/css/vendor-a8ad9f21.chunk.css
https://actblue.com/
https://actblue.com/features
http://blog.actblue.com
https://support.actblue.com
https://actblue.com/pending_entities/new
https://actblue.com/signin
https://secure.actblue.com/pending_entities/new
https://actblue.com/express
https://actblue.com/features
https://secure.actblue.com/pending_entities/new
https://secure.actblue.com/pending_entities/new
https://actblue.com/
https://www.facebook.com/ActBlue
https://twitter.com/actblue
https://actblue.com/about
https://actblue.com/contact
https://actblue.com/jobs
http://blog.actblue.com
https://actblue.com/abcharities
https://actblue.com/express
https://actblue.com/pricing
https://actblue.com/directory
https://support.actblue.com/campaigns-and-organizations
https://support.actblue.com/donors-and-supporters
https://support.actblue.com/donors/contributions/how-do-i-change-or-cancel-my-recurring-contribution
https://support.actblue.com
https://secure.actblue.com
https://actblue.com/privacy
https://actblue.com/content/fineprint
https://actblue.com/assets/packs/js/Bugsnag-76c96e5646f96c2b4491.chunk.js
https://actblue.com/assets/packs/js/Datadog-7950ce50bb06c4f7e8f0.chunk.js
https://actblue.com/assets/packs/js/application-062c5597d974226bfce3.chunk.js
https://actblue.com/assets/packs/js/vendor_stable-e596f8c33d29c2199ea8.js
https://actblue.com/assets/packs/js/vendor-0315ebdc418298aa42dd.chunk.js
https://actblue.com/assets/public-629fde6128cc8f5e927313bb49de566e27183c946652992ad32f752c170c57c8.js
https://actblue.com/assets/packs/js/marketing-78e6600fc615f86ae92c.chunk.js
https://actblue.com/assets/packs/js/InitializeDownArrows-758faf0948f3c43e03c5.chunk.js
https://actblue.com/assets/packs/js/NavbarContainer-13340dddaff178704b4e.chunk.js
https://actblue.com/assets/packs/js/DirectorySearchBox-f6eb93975e45c7a1419a.chunk.js
https://actblue.com/assets/bignumber-c10b5a1ac5f82fc7760e9e6c4ef1268994ef1d6971880d08b04c4de5338bc6a4.js
https://actblue.com/assets/packs/js/jquery_migrate_production-4a242c1c82f4016255e4.chunk.js
https://fonts.googleapis.com/css?family=Montserrat:600,700
https://maxcdn.bootstrapcdn.com/font-awesome/4.2.0/css/font-awesome.min.css
https://secure.actblue.com/
https://actblue.com/assets/favicons/actblue/apple-touch-icon-27395996986973a944f5049c79570c7fc9df33567574aca517ef33e922eca864.png
https://actblue.com/assets/favicons/actblue/favicon-62429192865190e46d50844541a5662f8db660cae4e1d6cd607ba04e09ac3c02.ico
https://actblue.com/assets/public-2209ff2476277ea3e147a497555847192af8175c48ccd3e13375bb8b9c4bfa40.css
https://actblue.com/assets/marketing-02a38f1104462110d5453f8340aece83bc8c999f2c883ad13c775169493b4afa.css
https://actblue.com/assets/packs/css/vendor-a8ad9f21.chunk.css
https://actblue.com/
https://actblue.com/features
http://blog.actblue.com
https://support.actblue.com
https://actblue.com/signin
https://secure.actblue.com/pending_entities/new
https://secure.actblue.com/pending_entities/new
https://actblue.com/
https://www.facebook.com/ActBlue
https://twitter.com/actblue
https://actblue.com/about
https://actblue.com/contact
https://actblue.com/jobs
http://blog.actblue.com
https://actblue.com/abcharities
https://actblue.com/express
https://actblue.com/pricing
https://actblue.com/directory
https://support.actblue.com/campaigns-and-organizations
https://support.actblue.com/donors-and-supporters
https://support.actblue.com/donors/contributions/how-do-i-change-or-cancel-my-recurring-contribution
https://support.actblue.com
https://secure.actblue.com
https://actblue.com/privacy
https://actblue.com/content/fineprint
https://actblue.com/assets/packs/js/Bugsnag-76c96e5646f96c2b4491.chunk.js
https://actblue.com/assets/packs/js/Datadog-7950ce50bb06c4f7e8f0.chunk.js
https://actblue.com/assets/packs/js/application-062c5597d974226bfce3.chunk.js
https://actblue.com/assets/packs/js/vendor_stable-e596f8c33d29c2199ea8.js
https://actblue.com/assets/packs/js/vendor-0315ebdc418298aa42dd.chunk.js
https://actblue.com/assets/public-629fde6128cc8f5e927313bb49de566e27183c946652992ad32f752c170c57c8.js
https://actblue.com/assets/packs/js/marketing-78e6600fc615f86ae92c.chunk.js
https://actblue.com/assets/packs/js/NavbarContainer-13340dddaff178704b4e.chunk.js
https://actblue.com/assets/packs/js/DirectorySearchBox-f6eb93975e45c7a1419a.chunk.js
https://actblue.com/assets/packs/js/jquery_migrate_production-4a242c1c82f4016255e4.chunk.js
https://fonts.googleapis.com/css?family=Montserrat:600,700
https://maxcdn.bootstrapcdn.com/font-awesome/4.2.0/css/font-awesome.min.css
https://secure.actblue.com/features
https://actblue.com/assets/favicons/actblue/apple-touch-icon-27395996986973a944f5049c79570c7fc9df33567574aca517ef33e922eca864.png
https://actblue.com/assets/favicons/actblue/favicon-62429192865190e46d50844541a5662f8db660cae4e1d6cd607ba04e09ac3c02.ico
https://actblue.com/assets/public-2209ff2476277ea3e147a497555847192af8175c48ccd3e13375bb8b9c4bfa40.css
https://actblue.com/assets/marketing-02a38f1104462110d5453f8340aece83bc8c999f2c883ad13c775169493b4afa.css
https://actblue.com/assets/packs/css/vendor-a8ad9f21.chunk.css
https://actblue.com/
https://www.facebook.com/ActBlue
https://twitter.com/actblue
https://actblue.com/about
https://actblue.com/contact
https://actblue.com/jobs
http://blog.actblue.com
https://actblue.com/abcharities
https://actblue.com/express
https://actblue.com/pricing
https://actblue.com/directory
https://support.actblue.com/campaigns-and-organizations
https://support.actblue.com/donors-and-supporters
https://support.actblue.com/donors/contributions/how-do-i-change-or-cancel-my-recurring-contribution
https://support.actblue.com
https://secure.actblue.com
https://actblue.com/privacy
https://actblue.com/content/fineprint
https://actblue.com/assets/packs/js/Bugsnag-76c96e5646f96c2b4491.chunk.js
https://actblue.com/assets/packs/js/Datadog-7950ce50bb06c4f7e8f0.chunk.js
https://actblue.com/assets/packs/js/application-062c5597d974226bfce3.chunk.js
https://actblue.com/assets/packs/js/vendor_stable-e596f8c33d29c2199ea8.js
https://actblue.com/assets/packs/js/vendor-0315ebdc418298aa42dd.chunk.js
https://actblue.com/assets/public-629fde6128cc8f5e927313bb49de566e27183c946652992ad32f752c170c57c8.js
https://actblue.com/assets/packs/js/SetupForm-ffef3715910e3d4a6034.chunk.js
https://actblue.com/assets/packs/js/NavbarContainer-13340dddaff178704b4e.chunk.js
https://actblue.com/assets/packs/js/jquery_migrate_production-4a242c1c82f4016255e4.chunk.js
https://fonts.googleapis.com/css?family=Montserrat:600,700
https://maxcdn.bootstrapcdn.com/font-awesome/4.2.0/css/font-awesome.min.css
https://secure.actblue.com/pending_entities/new
https://actblue.com/assets/favicons/actblue/apple-touch-icon-27395996986973a944f5049c79570c7fc9df33567574aca517ef33e922eca864.png
https://actblue.com/assets/favicons/actblue/favicon-62429192865190e46d50844541a5662f8db660cae4e1d6cd607ba04e09ac3c02.ico
https://actblue.com/assets/layout-only-338e82dc41c65506da4ffe34aa47963c25eb0a8e607c3ab93127e1873e2b9471.css
https://actblue.com/assets/contribution_lookups-13b6f568268e872b979fbdc2f95fa58ae5d68795a555329e362a2bd7af05709f.css
https://actblue.com/assets/react_datepicker-1ea412773e5346a6b8fdb6c161e46d68d2262acf3ada7138d5afa41d35e0ae99.css
https://actblue.com/assets/packs/css/vendor-a8ad9f21.chunk.css
https://actblue.com/
https://actblue.com/features
http://blog.actblue.com
https://support.actblue.com
https://actblue.com/signin
https://actblue.com/pending_entities/new
https://secure.actblue.com/pending_entities/new
https://secure.actblue.com/my-express/sign-up
https://actblue.com/
https://www.facebook.com/ActBlue
https://twitter.com/actblue
https://actblue.com/about
https://actblue.com/contact
https://actblue.com/jobs
http://blog.actblue.com
https://actblue.com/abcharities
https://actblue.com/express
https://actblue.com/pricing
https://actblue.com/directory
https://support.actblue.com/campaigns-and-organizations
https://support.actblue.com/donors-and-supporters
https://support.actblue.com/donors/contributions/how-do-i-change-or-cancel-my-recurring-contribution
https://support.actblue.com
https://secure.actblue.com
https://actblue.com/privacy
https://actblue.com/content/fineprint
https://actblue.com/assets/packs/js/Bugsnag-76c96e5646f96c2b4491.chunk.js
https://actblue.com/assets/packs/js/Datadog-7950ce50bb06c4f7e8f0.chunk.js
https://actblue.com/assets/packs/js/application-062c5597d974226bfce3.chunk.js
https://actblue.com/assets/packs/js/vendor_stable-e596f8c33d29c2199ea8.js
https://actblue.com/assets/packs/js/vendor-0315ebdc418298aa42dd.chunk.js
https://actblue.com/assets/public-629fde6128cc8f5e927313bb49de566e27183c946652992ad32f752c170c57c8.js
https://actblue.com/assets/packs/js/marketing-78e6600fc615f86ae92c.chunk.js
https://actblue.com/assets/packs/js/NavbarContainer-13340dddaff178704b4e.chunk.js
https://actblue.com/assets/packs/js/DirectorySearchBox-f6eb93975e45c7a1419a.chunk.js
https://actblue.com/assets/packs/js/jquery_migrate_production-4a242c1c82f4016255e4.chunk.js
https://fonts.googleapis.com/css?family=Montserrat:600,700
https://maxcdn.bootstrapcdn.com/font-awesome/4.2.0/css/font-awesome.min.css
https://secure.actblue.com/express
https://actblue.com/assets/favicons/actblue/apple-touch-icon-27395996986973a944f5049c79570c7fc9df33567574aca517ef33e922eca864.png
https://actblue.com/assets/favicons/actblue/favicon-62429192865190e46d50844541a5662f8db660cae4e1d6cd607ba04e09ac3c02.ico
https://actblue.com/assets/public-2209ff2476277ea3e147a497555847192af8175c48ccd3e13375bb8b9c4bfa40.css
https://actblue.com/assets/marketing-02a38f1104462110d5453f8340aece83bc8c999f2c883ad13c775169493b4afa.css
https://fonts.googleapis.com/css?family=Montserrat:600,700
https://maxcdn.bootstrapcdn.com/font-awesome/4.2.0/css/font-awesome.min.css
https://actblue.com/assets/packs/css/vendor-a8ad9f21.chunk.css
https://actblue.com/
https://actblue.com/features
http://blog.actblue.com
https://support.actblue.com
https://actblue.com/signin
https://secure.actblue.com/pending_entities/new
https://secure.actblue.com/pending_entities/new
https://actblue.com/
https://www.facebook.com/ActBlue
https://twitter.com/actblue
https://actblue.com/about
https://actblue.com/contact
https://actblue.com/jobs
http://blog.actblue.com
https://actblue.com/abcharities
https://actblue.com/express
https://actblue.com/pricing
https://actblue.com/directory
https://support.actblue.com/campaigns-and-organizations
https://support.actblue.com/donors-and-supporters
https://support.actblue.com/donors/contributions/how-do-i-change-or-cancel-my-recurring-contribution
https://support.actblue.com
https://secure.actblue.com
https://actblue.com/privacy
https://actblue.com/content/fineprint
https://actblue.com/assets/packs/js/Bugsnag-76c96e5646f96c2b4491.chunk.js
https://actblue.com/assets/packs/js/Datadog-7950ce50bb06c4f7e8f0.chunk.js
https://actblue.com/assets/packs/js/application-062c5597d974226bfce3.chunk.js
https://actblue.com/assets/packs/js/vendor_stable-e596f8c33d29c2199ea8.js
https://actblue.com/assets/packs/js/vendor-0315ebdc418298aa42dd.chunk.js
https://actblue.com/assets/public-629fde6128cc8f5e927313bb49de566e27183c946652992ad32f752c170c57c8.js
https://actblue.com/assets/packs/js/marketing-78e6600fc615f86ae92c.chunk.js
https://actblue.com/assets/packs/js/NavbarContainer-13340dddaff178704b4e.chunk.js
https://actblue.com/assets/packs/js/DirectorySearchBox-f6eb93975e45c7a1419a.chunk.js
https://actblue.com/assets/packs/js/jquery_migrate_production-4a242c1c82f4016255e4.chunk.js
https://fonts.googleapis.com/css?family=Montserrat:600,700
https://maxcdn.bootstrapcdn.com/font-awesome/4.2.0/css/font-awesome.min.css
https://secure.actblue.com/features
https://actblue.com/assets/favicons/actblue/apple-touch-icon-27395996986973a944f5049c79570c7fc9df33567574aca517ef33e922eca864.png
https://actblue.com/assets/favicons/actblue/favicon-62429192865190e46d50844541a5662f8db660cae4e1d6cd607ba04e09ac3c02.ico
https://actblue.com/assets/public-2209ff2476277ea3e147a497555847192af8175c48ccd3e13375bb8b9c4bfa40.css
https://actblue.com/assets/marketing-02a38f1104462110d5453f8340aece83bc8c999f2c883ad13c775169493b4afa.css
https://actblue.com/assets/packs/css/vendor-a8ad9f21.chunk.css
https://actblue.com/
https://actblue.com/features
http://blog.actblue.com
https://support.actblue.com
https://actblue.com/pending_entities/new
https://actblue.com/signin
https://secure.actblue.com/pending_entities/new
https://actblue.com/express
https://actblue.com/features
https://secure.actblue.com/pending_entities/new
https://secure.actblue.com/pending_entities/new
https://actblue.com/
https://www.facebook.com/ActBlue
https://twitter.com/actblue
https://actblue.com/about
https://actblue.com/contact
https://actblue.com/jobs
http://blog.actblue.com
https://actblue.com/abcharities
https://actblue.com/express
https://actblue.com/pricing
https://actblue.com/directory
https://support.actblue.com/campaigns-and-organizations
https://support.actblue.com/donors-and-supporters
https://support.actblue.com/donors/contributions/how-do-i-change-or-cancel-my-recurring-contribution
https://support.actblue.com
https://secure.actblue.com
https://actblue.com/privacy
https://actblue.com/content/fineprint
https://actblue.com/assets/packs/js/Bugsnag-76c96e5646f96c2b4491.chunk.js
https://actblue.com/assets/packs/js/Datadog-7950ce50bb06c4f7e8f0.chunk.js
https://actblue.com/assets/packs/js/application-062c5597d974226bfce3.chunk.js
https://actblue.com/assets/packs/js/vendor_stable-e596f8c33d29c2199ea8.js
https://actblue.com/assets/packs/js/vendor-0315ebdc418298aa42dd.chunk.js
https://actblue.com/assets/public-629fde6128cc8f5e927313bb49de566e27183c946652992ad32f752c170c57c8.js
https://actblue.com/assets/packs/js/marketing-78e6600fc615f86ae92c.chunk.js
https://actblue.com/assets/packs/js/InitializeDownArrows-758faf0948f3c43e03c5.chunk.js
https://actblue.com/assets/packs/js/NavbarContainer-13340dddaff178704b4e.chunk.js
https://actblue.com/assets/packs/js/DirectorySearchBox-f6eb93975e45c7a1419a.chunk.js
https://actblue.com/assets/bignumber-c10b5a1ac5f82fc7760e9e6c4ef1268994ef1d6971880d08b04c4de5338bc6a4.js
https://actblue.com/assets/packs/js/jquery_migrate_production-4a242c1c82f4016255e4.chunk.js
https://fonts.googleapis.com/css?family=Montserrat:600,700
https://maxcdn.bootstrapcdn.com/font-awesome/4.2.0/css/font-awesome.min.css
https://secure.actblue.com/
https://actblue.com/assets/favicons/actblue/apple-touch-icon-27395996986973a944f5049c79570c7fc9df33567574aca517ef33e922eca864.png
https://actblue.com/assets/favicons/actblue/favicon-62429192865190e46d50844541a5662f8db660cae4e1d6cd607ba04e09ac3c02.ico
https://actblue.com/assets/public-2209ff2476277ea3e147a497555847192af8175c48ccd3e13375bb8b9c4bfa40.css
https://actblue.com/assets/marketing-02a38f1104462110d5453f8340aece83bc8c999f2c883ad13c775169493b4afa.css
https://actblue.com/assets/packs/css/vendor-a8ad9f21.chunk.css
https://actblue.com/
https://actblue.com/features
http://blog.actblue.com
https://support.actblue.com
https://actblue.com/signin
https://support.actblue.com/donors/about-actblue/how-much-does-it-cost-campaigns-and-organizations-to-use-your-tools/
https://support.actblue.com/donors/about-actblue/are-contributions-made-through-actblue-pac-contributions-hint-no/
https://support.actblue.com/donors/about-actblue/does-actblue-promote-or-endorse-any-candidates-or-groups-that-use-its-platform/
https://support.actblue.com/donors/about-actblue/how-is-actblue-funded/
https://secure.actblue.com/jobs
https://support.actblue.com/
https://actblue.com/jobs
https://actblue.com/
https://www.facebook.com/ActBlue
https://twitter.com/actblue
https://actblue.com/about
https://actblue.com/contact
https://actblue.com/jobs
http://blog.actblue.com
https://actblue.com/abcharities
https://actblue.com/express
https://actblue.com/pricing
https://actblue.com/directory
https://support.actblue.com/campaigns-and-organizations
https://support.actblue.com/donors-and-supporters
https://support.actblue.com/donors/contributions/how-do-i-change-or-cancel-my-recurring-contribution
https://support.actblue.com
https://secure.actblue.com
https://actblue.com/privacy
https://actblue.com/content/fineprint
https://actblue.com/assets/packs/js/Bugsnag-76c96e5646f96c2b4491.chunk.js
https://actblue.com/assets/packs/js/Datadog-7950ce50bb06c4f7e8f0.chunk.js
https://actblue.com/assets/packs/js/application-062c5597d974226bfce3.chunk.js
https://actblue.com/assets/packs/js/vendor_stable-e596f8c33d29c2199ea8.js
https://actblue.com/assets/packs/js/vendor-0315ebdc418298aa42dd.chunk.js
https://actblue.com/assets/public-629fde6128cc8f5e927313bb49de566e27183c946652992ad32f752c170c57c8.js
https://actblue.com/assets/packs/js/comatose-60c9cb9436990d694ff7.chunk.js
https://actblue.com/assets/packs/js/NavbarContainer-13340dddaff178704b4e.chunk.js
https://actblue.com/assets/packs/js/DirectorySearchBox-f6eb93975e45c7a1419a.chunk.js
https://actblue.com/assets/packs/js/jquery_migrate_production-4a242c1c82f4016255e4.chunk.js
https://fonts.googleapis.com/css?family=Montserrat:600,700
https://maxcdn.bootstrapcdn.com/font-awesome/4.2.0/css/font-awesome.min.css
https://secure.actblue.com/about
https://actblue.com/assets/favicons/actblue/apple-touch-icon-27395996986973a944f5049c79570c7fc9df33567574aca517ef33e922eca864.png
https://actblue.com/assets/favicons/actblue/favicon-62429192865190e46d50844541a5662f8db660cae4e1d6cd607ba04e09ac3c02.ico
https://actblue.com/assets/public-2209ff2476277ea3e147a497555847192af8175c48ccd3e13375bb8b9c4bfa40.css
https://actblue.com/assets/packs/css/vendor-a8ad9f21.chunk.css
https://actblue.com/
https://actblue.com/features
http://blog.actblue.com
https://support.actblue.com
https://actblue.com/signin
https://actblue.com/available-positions
https://actblue.com/available-positions
https://actblue.com/about
https://actblue.com/
https://www.facebook.com/ActBlue
https://twitter.com/actblue
https://actblue.com/about
https://actblue.com/contact
https://actblue.com/jobs
http://blog.actblue.com
https://actblue.com/abcharities
https://actblue.com/express
https://actblue.com/pricing
https://actblue.com/directory
https://support.actblue.com/campaigns-and-organizations
https://support.actblue.com/donors-and-supporters
https://support.actblue.com/donors/contributions/how-do-i-change-or-cancel-my-recurring-contribution
https://support.actblue.com
https://secure.actblue.com
https://actblue.com/privacy
https://actblue.com/content/fineprint
https://actblue.com/assets/packs/js/Bugsnag-76c96e5646f96c2b4491.chunk.js
https://actblue.com/assets/packs/js/Datadog-7950ce50bb06c4f7e8f0.chunk.js
https://actblue.com/assets/packs/js/application-062c5597d974226bfce3.chunk.js
https://actblue.com/assets/packs/js/vendor_stable-e596f8c33d29c2199ea8.js
https://actblue.com/assets/packs/js/vendor-0315ebdc418298aa42dd.chunk.js
https://actblue.com/assets/public-629fde6128cc8f5e927313bb49de566e27183c946652992ad32f752c170c57c8.js
https://actblue.com/assets/packs/js/comatose-60c9cb9436990d694ff7.chunk.js
https://actblue.com/assets/packs/js/NavbarContainer-13340dddaff178704b4e.chunk.js
https://actblue.com/assets/packs/js/DirectorySearchBox-f6eb93975e45c7a1419a.chunk.js
https://actblue.com/assets/packs/js/jquery_migrate_production-4a242c1c82f4016255e4.chunk.js
https://fonts.googleapis.com/css?family=Montserrat:600,700
https://maxcdn.bootstrapcdn.com/font-awesome/4.2.0/css/font-awesome.min.css
https://secure.actblue.com/jobs
https://actblue.com/assets/favicons/actblue/apple-touch-icon-27395996986973a944f5049c79570c7fc9df33567574aca517ef33e922eca864.png
https://actblue.com/assets/favicons/actblue/favicon-62429192865190e46d50844541a5662f8db660cae4e1d6cd607ba04e09ac3c02.ico
https://actblue.com/assets/public-2209ff2476277ea3e147a497555847192af8175c48ccd3e13375bb8b9c4bfa40.css
https://actblue.com/assets/packs/css/vendor-a8ad9f21.chunk.css
https://actblue.com/
https://actblue.com/features
http://blog.actblue.com
https://support.actblue.com
https://actblue.com/signin
https://actblue.com/pending_entities/new
https://secure.actblue.com/pending_entities/new
https://secure.actblue.com/my-express/sign-up
https://actblue.com/
https://www.facebook.com/ActBlue
https://twitter.com/actblue
https://actblue.com/about
https://actblue.com/contact
https://actblue.com/jobs
http://blog.actblue.com
https://actblue.com/abcharities
https://actblue.com/express
https://actblue.com/pricing
https://actblue.com/directory
https://support.actblue.com/campaigns-and-organizations
https://support.actblue.com/donors-and-supporters
https://support.actblue.com/donors/contributions/how-do-i-change-or-cancel-my-recurring-contribution
https://support.actblue.com
https://secure.actblue.com
https://actblue.com/privacy
https://actblue.com/content/fineprint
https://actblue.com/assets/packs/js/Bugsnag-76c96e5646f96c2b4491.chunk.js
https://actblue.com/assets/packs/js/Datadog-7950ce50bb06c4f7e8f0.chunk.js
https://actblue.com/assets/packs/js/application-062c5597d974226bfce3.chunk.js
https://actblue.com/assets/packs/js/vendor_stable-e596f8c33d29c2199ea8.js
https://actblue.com/assets/packs/js/vendor-0315ebdc418298aa42dd.chunk.js
https://actblue.com/assets/public-629fde6128cc8f5e927313bb49de566e27183c946652992ad32f752c170c57c8.js
https://actblue.com/assets/packs/js/marketing-78e6600fc615f86ae92c.chunk.js
https://actblue.com/assets/packs/js/NavbarContainer-13340dddaff178704b4e.chunk.js
https://actblue.com/assets/packs/js/DirectorySearchBox-f6eb93975e45c7a1419a.chunk.js
https://actblue.com/assets/packs/js/jquery_migrate_production-4a242c1c82f4016255e4.chunk.js
https://fonts.googleapis.com/css?family=Montserrat:600,700
https://maxcdn.bootstrapcdn.com/font-awesome/4.2.0/css/font-awesome.min.css
https://secure.actblue.com/express
https://actblue.com/assets/favicons/actblue/apple-touch-icon-27395996986973a944f5049c79570c7fc9df33567574aca517ef33e922eca864.png
https://actblue.com/assets/favicons/actblue/favicon-62429192865190e46d50844541a5662f8db660cae4e1d6cd607ba04e09ac3c02.ico
https://actblue.com/assets/public-2209ff2476277ea3e147a497555847192af8175c48ccd3e13375bb8b9c4bfa40.css
https://actblue.com/assets/marketing-02a38f1104462110d5453f8340aece83bc8c999f2c883ad13c775169493b4afa.css
https://fonts.googleapis.com/css?family=Montserrat:600,700
https://maxcdn.bootstrapcdn.com/font-awesome/4.2.0/css/font-awesome.min.css
https://actblue.com/assets/packs/css/vendor-a8ad9f21.chunk.css
https://actblue.com/
https://actblue.com/features
http://blog.actblue.com
https://support.actblue.com
https://actblue.com/signin
https://secure.actblue.com/pending_entities/new
https://secure.actblue.com/pending_entities/new
https://secure.actblue.com/features
https://secure.actblue.com/pending_entities/new
https://secure.actblue.com/pending_entities/new
https://actblue.com/contact
https://secure.actblue.com/pending_entities/new
https://actblue.com/pending_entities/new
https://secure.actblue.com/pending_entities/new
https://actblue.com/
https://www.facebook.com/ActBlue
https://twitter.com/actblue
https://actblue.com/about
https://actblue.com/contact
https://actblue.com/jobs
http://blog.actblue.com
https://actblue.com/abcharities
https://actblue.com/express
https://actblue.com/pricing
https://actblue.com/directory
https://support.actblue.com/campaigns-and-organizations
https://support.actblue.com/donors-and-supporters
https://support.actblue.com/donors/contributions/how-do-i-change-or-cancel-my-recurring-contribution
https://support.actblue.com
https://secure.actblue.com
https://actblue.com/privacy
https://actblue.com/content/fineprint
https://actblue.com/assets/packs/js/Bugsnag-76c96e5646f96c2b4491.chunk.js
https://actblue.com/assets/packs/js/Datadog-7950ce50bb06c4f7e8f0.chunk.js
https://actblue.com/assets/packs/js/application-062c5597d974226bfce3.chunk.js
https://actblue.com/assets/packs/js/vendor_stable-e596f8c33d29c2199ea8.js
https://actblue.com/assets/packs/js/vendor-0315ebdc418298aa42dd.chunk.js
https://actblue.com/assets/public-629fde6128cc8f5e927313bb49de566e27183c946652992ad32f752c170c57c8.js
https://actblue.com/assets/packs/js/marketing-78e6600fc615f86ae92c.chunk.js
https://actblue.com/assets/packs/js/NavbarContainer-13340dddaff178704b4e.chunk.js
https://actblue.com/assets/packs/js/DirectorySearchBox-f6eb93975e45c7a1419a.chunk.js
https://actblue.com/assets/packs/js/jquery_migrate_production-4a242c1c82f4016255e4.chunk.js
https://fonts.googleapis.com/css?family=Montserrat:600,700
https://maxcdn.bootstrapcdn.com/font-awesome/4.2.0/css/font-awesome.min.css
https://secure.actblue.com/pricing
https://actblue.com/assets/favicons/actblue/apple-touch-icon-27395996986973a944f5049c79570c7fc9df33567574aca517ef33e922eca864.png
https://actblue.com/assets/favicons/actblue/favicon-62429192865190e46d50844541a5662f8db660cae4e1d6cd607ba04e09ac3c02.ico
https://actblue.com/assets/public-2209ff2476277ea3e147a497555847192af8175c48ccd3e13375bb8b9c4bfa40.css
https://actblue.com/assets/marketing-02a38f1104462110d5453f8340aece83bc8c999f2c883ad13c775169493b4afa.css
https://actblue.com/assets/packs/css/vendor-a8ad9f21.chunk.css
https://actblue.com/
https://actblue.com/features
http://blog.actblue.com
https://support.actblue.com
https://actblue.com/signin
https://actblue.com/directory/all/ballot
https://actblue.com/directory/all/candidate
https://actblue.com/directory/all/draft_fund
https://actblue.com/directory/all/independent-expenditure
https://actblue.com/directory/all/jointcommittee
https://actblue.com/directory/all/nominee_fund
https://actblue.com/directory/all/org
https://actblue.com/directory/all/party
https://actblue.com/directory/all/recount
https://actblue.com/directory/all?issue_area=arts_services
https://actblue.com/directory/all?issue_area=cultural_centers
https://actblue.com/directory/all?issue_area=libraries
https://actblue.com/directory/all?issue_area=media
https://actblue.com/directory/all?issue_area=museums
https://actblue.com/directory/all?issue_area=news_public_information
https://actblue.com/directory/all?issue_area=performing_arts
https://actblue.com/directory/all?issue_area=public_arts
https://actblue.com/directory/all?issue_area=publishing_literary_services
https://actblue.com/directory/all?issue_area=visual_arts
https://actblue.com/directory/all?issue_area=community_foundations
https://actblue.com/directory/all?issue_area=community_improvement
https://actblue.com/directory/all?issue_area=economic_development
https://actblue.com/directory/all?issue_area=housing_neighborhood_development
https://actblue.com/directory/all?issue_area=sports_recreation
https://actblue.com/directory/all?issue_area=transportation
https://actblue.com/directory/all?issue_area=candidate_recruitment_training_support
https://actblue.com/directory/all?issue_area=civic_participation_engagement
https://actblue.com/directory/all?issue_area=democratic_clubs
https://actblue.com/directory/all?issue_area=election_reform
https://actblue.com/directory/all?issue_area=foreign_policy_relations
https://actblue.com/directory/all?issue_area=judicial_reform
https://actblue.com/directory/all?issue_area=movement_leadership_building_training
https://actblue.com/directory/all?issue_area=political_organizations
https://actblue.com/directory/all?issue_area=voting_registration_participation_reform
https://actblue.com/directory/all?issue_area=gun_violence_prevention
https://actblue.com/directory/all?issue_area=criminal_justice_reform
https://actblue.com/directory/all?issue_area=economic_justice
https://actblue.com/directory/all?issue_area=housing_justice
https://actblue.com/directory/all?issue_area=individual_rights_liberties
https://actblue.com/directory/all?issue_area=international
https://actblue.com/directory/all?issue_area=multi_issue
https://actblue.com/directory/all?issue_area=reproductive_justice
https://actblue.com/directory/all?issue_area=adult_education
https://actblue.com/directory/all?issue_area=early_childhood_education
https://actblue.com/directory/all?issue_area=education_student_services
https://actblue.com/directory/all?issue_area=elementary_secondary_education
https://actblue.com/directory/all?issue_area=equal_opportunity_in_education
https://actblue.com/directory/all?issue_area=higher_education
https://actblue.com/directory/all?issue_area=vocational_education
https://actblue.com/directory/all?issue_area=youth_development
https://actblue.com/directory/all?issue_area=animal_welfare
https://actblue.com/directory/all?issue_area=climate_change
https://actblue.com/directory/all?issue_area=natural_resources_conservation
https://actblue.com/directory/all?issue_area=pollution_toxics
https://actblue.com/directory/all?issue_area=sustainable_development
https://actblue.com/directory/all?issue_area=children_and_senior_rights
https://actblue.com/directory/all?issue_area=disability_rights
https://actblue.com/directory/all?issue_area=gender_rights
https://actblue.com/directory/all?issue_area=indigenous_rights
https://actblue.com/directory/all?issue_area=lgbtqia_rights
https://actblue.com/directory/all?issue_area=racial_and_ethnic_minority_rights
https://actblue.com/directory/all?issue_area=religious_minority_rights_freedom
https://actblue.com/directory/all?issue_area=covid19_pandemic
https://actblue.com/directory/all?issue_area=diseases_and_conditions
https://actblue.com/directory/all?issue_area=health_care_access
https://actblue.com/directory/all?issue_area=mental_health_care
https://actblue.com/directory/all?issue_area=public_and_community_health_care
https://actblue.com/directory/all?issue_area=rehabilitation
https://actblue.com/directory/all?issue_area=sexual_domestic_violence
https://actblue.com/directory/all?issue_area=children_family_services
https://actblue.com/directory/all?issue_area=disaster_and_emergency_management
https://actblue.com/directory/all?issue_area=food_banks_pantries_distribution
https://actblue.com/directory/all?issue_area=homeless_services
https://actblue.com/directory/all?issue_area=immigration
https://actblue.com/directory/all?issue_area=international_relief
https://actblue.com/directory/all?issue_area=legal_services
https://actblue.com/directory/all?issue_area=military_military_family_services
https://actblue.com/directory/all?issue_area=shelter_residential_care
https://actblue.com/directory/all/all/fed-house
https://actblue.com/directory/all/all/fed-pres
https://actblue.com/directory/all/all/fed-senate
https://actblue.com/directory/all/all/local-exec
https://actblue.com/directory/all/all/local-judicial
https://actblue.com/directory/all/all/local-other
https://actblue.com/directory/all/all/state-exec-all
https://actblue.com/directory/all/all/state-gov
https://actblue.com/directory/all/all/state-house
https://actblue.com/directory/all/all/state-senate
https://actblue.com/directory/AK
https://actblue.com/directory/AL
https://actblue.com/directory/AR
https://actblue.com/directory/AS
https://actblue.com/directory/AZ
https://actblue.com/directory/CA
https://actblue.com/directory/CO
https://actblue.com/directory/CT
https://actblue.com/directory/DC
https://actblue.com/directory/DE
https://actblue.com/directory/FL
https://actblue.com/directory/GA
https://actblue.com/directory/GU
https://actblue.com/directory/HI
https://actblue.com/directory/IA
https://actblue.com/directory/ID
https://actblue.com/directory/IL
https://actblue.com/directory/IN
https://actblue.com/directory/KS
https://actblue.com/directory/KY
https://actblue.com/directory/LA
https://actblue.com/directory/MA
https://actblue.com/directory/MD
https://actblue.com/directory/ME
https://actblue.com/directory/MI
https://actblue.com/directory/MN
https://actblue.com/directory/MO
https://actblue.com/directory/MP
https://actblue.com/directory/MS
https://actblue.com/directory/MT
https://actblue.com/directory/NC
https://actblue.com/directory/ND
https://actblue.com/directory/NE
https://actblue.com/directory/NH
https://actblue.com/directory/NJ
https://actblue.com/directory/NM
https://actblue.com/directory/NV
https://actblue.com/directory/NY
https://actblue.com/directory/OH
https://actblue.com/directory/OK
https://actblue.com/directory/OR
https://actblue.com/directory/PA
https://actblue.com/directory/PR
https://actblue.com/directory/RI
https://actblue.com/directory/SC
https://actblue.com/directory/SD
https://actblue.com/directory/TN
https://actblue.com/directory/TX
https://actblue.com/directory/UT
https://actblue.com/directory/VA
https://actblue.com/directory/VI
https://actblue.com/directory/VT
https://actblue.com/directory/WA
https://actblue.com/directory/WI
https://actblue.com/directory/WV
https://actblue.com/directory/WY
https://actblue.com/
https://www.facebook.com/ActBlue
https://twitter.com/actblue
https://actblue.com/about
https://actblue.com/contact
https://actblue.com/jobs
http://blog.actblue.com
https://actblue.com/abcharities
https://actblue.com/express
https://actblue.com/pricing
https://actblue.com/directory
https://support.actblue.com/campaigns-and-organizations
https://support.actblue.com/donors-and-supporters
https://support.actblue.com/donors/contributions/how-do-i-change-or-cancel-my-recurring-contribution
https://support.actblue.com
https://secure.actblue.com
https://actblue.com/privacy
https://actblue.com/content/fineprint
https://actblue.com/assets/packs/js/Bugsnag-76c96e5646f96c2b4491.chunk.js
https://actblue.com/assets/packs/js/Datadog-7950ce50bb06c4f7e8f0.chunk.js
https://actblue.com/assets/packs/js/application-062c5597d974226bfce3.chunk.js
https://actblue.com/assets/packs/js/vendor_stable-e596f8c33d29c2199ea8.js
https://actblue.com/assets/packs/js/vendor-0315ebdc418298aa42dd.chunk.js
https://actblue.com/assets/public-629fde6128cc8f5e927313bb49de566e27183c946652992ad32f752c170c57c8.js
https://actblue.com/assets/admin-7754235fee171dd6ba73364696e5c7849e7289dcc4ca3f9f6b80ee999f90d270.js
https://actblue.com/assets/packs/js/DirectorySearchBox-f6eb93975e45c7a1419a.chunk.js
https://actblue.com/assets/packs/js/NavbarContainer-13340dddaff178704b4e.chunk.js
https://actblue.com/assets/packs/js/jquery_migrate_production-4a242c1c82f4016255e4.chunk.js
https://fonts.googleapis.com/css?family=Montserrat:600,700
https://maxcdn.bootstrapcdn.com/font-awesome/4.2.0/css/font-awesome.min.css
https://secure.actblue.com/directory
https://actblue.com/assets/favicons/actblue/apple-touch-icon-27395996986973a944f5049c79570c7fc9df33567574aca517ef33e922eca864.png
https://actblue.com/assets/favicons/actblue/favicon-62429192865190e46d50844541a5662f8db660cae4e1d6cd607ba04e09ac3c02.ico
https://actblue.com/assets/public-2209ff2476277ea3e147a497555847192af8175c48ccd3e13375bb8b9c4bfa40.css
https://actblue.com/assets/admin-b16f6e6ac91569141ec07b48cebe842c1a261c063575b40cc9208815e7add627.css
https://actblue.com/assets/packs/css/vendor-a8ad9f21.chunk.css
https://actblue.com/
https://actblue.com/features
http://blog.actblue.com
https://support.actblue.com
https://actblue.com/signin
https://actblue.actionkit.com/cms/unsubscribe/unsubscribe/
http://www.fec.gov
https://actblue.com/content/fineprint
https://actblue.com/contact
https://actblue.com/
https://www.facebook.com/ActBlue
https://twitter.com/actblue
https://actblue.com/about
https://actblue.com/contact
https://actblue.com/jobs
http://blog.actblue.com
https://actblue.com/abcharities
https://actblue.com/express
https://actblue.com/pricing
https://actblue.com/directory
https://support.actblue.com/campaigns-and-organizations
https://support.actblue.com/donors-and-supporters
https://support.actblue.com/donors/contributions/how-do-i-change-or-cancel-my-recurring-contribution
https://support.actblue.com
https://secure.actblue.com
https://actblue.com/privacy
https://actblue.com/content/fineprint
https://actblue.com/assets/packs/js/Bugsnag-76c96e5646f96c2b4491.chunk.js
https://actblue.com/assets/packs/js/Datadog-7950ce50bb06c4f7e8f0.chunk.js
https://actblue.com/assets/packs/js/application-062c5597d974226bfce3.chunk.js
https://actblue.com/assets/packs/js/vendor_stable-e596f8c33d29c2199ea8.js
https://actblue.com/assets/packs/js/vendor-0315ebdc418298aa42dd.chunk.js
https://actblue.com/assets/public-629fde6128cc8f5e927313bb49de566e27183c946652992ad32f752c170c57c8.js
https://actblue.com/assets/packs/js/comatose-60c9cb9436990d694ff7.chunk.js
https://actblue.com/assets/packs/js/NavbarContainer-13340dddaff178704b4e.chunk.js
https://actblue.com/assets/packs/js/DirectorySearchBox-f6eb93975e45c7a1419a.chunk.js
https://actblue.com/assets/packs/js/jquery_migrate_production-4a242c1c82f4016255e4.chunk.js
https://fonts.googleapis.com/css?family=Montserrat:600,700
https://maxcdn.bootstrapcdn.com/font-awesome/4.2.0/css/font-awesome.min.css
https://secure.actblue.com/privacy
https://actblue.com/assets/favicons/actblue/apple-touch-icon-27395996986973a944f5049c79570c7fc9df33567574aca517ef33e922eca864.png
https://actblue.com/assets/favicons/actblue/favicon-62429192865190e46d50844541a5662f8db660cae4e1d6cd607ba04e09ac3c02.ico
https://actblue.com/assets/public-2209ff2476277ea3e147a497555847192af8175c48ccd3e13375bb8b9c4bfa40.css
https://actblue.com/assets/packs/css/vendor-a8ad9f21.chunk.css
https://actblue.com/
https://actblue.com/features
http://blog.actblue.com
https://support.actblue.com
https://actblue.com/signin
https://actblue.com/content/privacy
https://actblue.com/faq#limits
http://creativecommons.org/licenses/by-nc/2.5/
https://actblue.com/contact
http://creativecommons.org/licenses/by-nc/2.5/
https://actblue.com/contact
https://actblue.com/cc?contact=1
https://actblue.com/contact
https://actblue.com/
https://www.facebook.com/ActBlue
https://twitter.com/actblue
https://actblue.com/about
https://actblue.com/contact
https://actblue.com/jobs
http://blog.actblue.com
https://actblue.com/abcharities
https://actblue.com/express
https://actblue.com/pricing
https://actblue.com/directory
https://support.actblue.com/campaigns-and-organizations
https://support.actblue.com/donors-and-supporters
https://support.actblue.com/donors/contributions/how-do-i-change-or-cancel-my-recurring-contribution
https://support.actblue.com
https://secure.actblue.com
https://actblue.com/privacy
https://actblue.com/content/fineprint
https://actblue.com/assets/packs/js/Bugsnag-76c96e5646f96c2b4491.chunk.js
https://actblue.com/assets/packs/js/Datadog-7950ce50bb06c4f7e8f0.chunk.js
https://actblue.com/assets/packs/js/application-062c5597d974226bfce3.chunk.js
https://actblue.com/assets/packs/js/vendor_stable-e596f8c33d29c2199ea8.js
https://actblue.com/assets/packs/js/vendor-0315ebdc418298aa42dd.chunk.js
https://actblue.com/assets/public-629fde6128cc8f5e927313bb49de566e27183c946652992ad32f752c170c57c8.js
https://actblue.com/assets/packs/js/comatose-60c9cb9436990d694ff7.chunk.js
https://actblue.com/assets/packs/js/NavbarContainer-13340dddaff178704b4e.chunk.js
https://actblue.com/assets/packs/js/DirectorySearchBox-f6eb93975e45c7a1419a.chunk.js
https://actblue.com/assets/packs/js/jquery_migrate_production-4a242c1c82f4016255e4.chunk.js
https://fonts.googleapis.com/css?family=Montserrat:600,700
https://maxcdn.bootstrapcdn.com/font-awesome/4.2.0/css/font-awesome.min.css
https://secure.actblue.com/content/fineprint
https://actblue.com/assets/favicons/actblue/apple-touch-icon-27395996986973a944f5049c79570c7fc9df33567574aca517ef33e922eca864.png
https://actblue.com/assets/favicons/actblue/favicon-62429192865190e46d50844541a5662f8db660cae4e1d6cd607ba04e09ac3c02.ico
https://actblue.com/assets/public-2209ff2476277ea3e147a497555847192af8175c48ccd3e13375bb8b9c4bfa40.css
https://actblue.com/assets/packs/css/vendor-a8ad9f21.chunk.css
